[debug] [2021-05-16T13:04:49.905Z] ----------------------------------------------------------------------
[debug] [2021-05-16T13:04:49.910Z] Command:       C:\Program Files\nodejs\node.exe C:\Users\haris\AppData\Roaming\npm\node_modules\firebase-tools\lib\bin\firebase.js emulators:start
[debug] [2021-05-16T13:04:49.911Z] CLI Version:   9.10.0
[debug] [2021-05-16T13:04:49.911Z] Platform:      win32
[debug] [2021-05-16T13:04:49.911Z] Node Version:  v14.16.0
[debug] [2021-05-16T13:04:49.914Z] Time:          Sun May 16 2021 18:34:49 GMT+0530 (India Standard Time)
[debug] [2021-05-16T13:04:49.914Z] ----------------------------------------------------------------------
[debug] 
[debug] [2021-05-16T13:04:49.920Z] >>> [apiv2][query] GET https://firebase-public.firebaseio.com/cli.json [none]
[debug] [2021-05-16T13:04:49.959Z] > command requires scopes: ["email","openid","https://www.googleapis.com/auth/cloudplatformprojects.readonly","https://www.googleapis.com/auth/firebase","https://www.googleapis.com/auth/cloud-platform"]
[debug] [2021-05-16T13:04:49.959Z] > authorizing via signed-in user (harishimp0077@gmail.com)
[info] i  emulators: Starting emulators: functions, hosting {"metadata":{"emulator":{"name":"hub"},"message":"Starting emulators: functions, hosting"}}
[debug] [2021-05-16T13:04:49.986Z] [hub] writing locator at C:\Users\haris\AppData\Local\Temp\hub-e-commerce-app-21468.json
[warn] !  functions: The following emulators are not running, calls to these services from the Functions emulator will affect production: auth, firestore, database, pubsub {"metadata":{"emulator":{"name":"functions"},"message":"The following emulators are not running, calls to these services from the Functions emulator will affect production: \u001b[1mauth, firestore, database, pubsub\u001b[22m"}}
[warn] !  Your requested "node" version "12" doesn't match your global version "14" {"metadata":{"emulator":{"name":"functions"},"message":"Your requested \"node\" version \"12\" doesn't match your global version \"14\""}}
[debug] [2021-05-16T13:04:50.036Z] defaultcredentials: writing to file C:\Users\haris\AppData\Roaming\firebase\harishimp0077_gmail_com_application_default_credentials.json
[debug] [2021-05-16T13:04:50.040Z] Setting GAC to C:\Users\haris\AppData\Roaming\firebase\harishimp0077_gmail_com_application_default_credentials.json {"metadata":{"emulator":{"name":"functions"},"message":"Setting GAC to C:\\Users\\haris\\AppData\\Roaming\\firebase\\harishimp0077_gmail_com_application_default_credentials.json"}}
[debug] [2021-05-16T13:04:50.042Z] > refreshing access token with scopes: []
[debug] [2021-05-16T13:04:50.043Z] >>> HTTP REQUEST POST https://www.googleapis.com/oauth2/v3/token  
 <request body omitted>
[debug] [2021-05-16T13:04:50.201Z] <<< HTTP RESPONSE 200 {"date":"Sun, 16 May 2021 13:04:49 GMT","cache-control":"no-cache, no-store, max-age=0, must-revalidate","pragma":"no-cache","expires":"Mon, 01 Jan 1990 00:00:00 GMT","content-type":"application/json; charset=utf-8","vary":"X-Origin, Referer, Origin,Accept-Encoding","server":"scaffolding on HTTPServer2","x-xss-protection":"0","x-frame-options":"SAMEORIGIN","x-content-type-options":"nosniff","alt-svc":"h3-29=\":443\"; ma=2592000,h3-T051=\":443\"; ma=2592000,h3-Q050=\":443\"; ma=2592000,h3-Q046=\":443\"; ma=2592000,h3-Q043=\":443\"; ma=2592000,quic=\":443\"; ma=2592000; v=\"46,43\"","accept-ranges":"none","transfer-encoding":"chunked"}
[debug] [2021-05-16T13:04:50.211Z] >>> [apiv2][query] GET https://firebase.googleapis.com/v1beta1/projects/e-commerce-app-21468/adminSdkConfig [none]
[debug] [2021-05-16T13:04:50.831Z] <<< [apiv2][status] GET https://firebase-public.firebaseio.com/cli.json 200
[debug] [2021-05-16T13:04:50.831Z] <<< [apiv2][body] GET https://firebase-public.firebaseio.com/cli.json {"cloudBuildErrorAfter":1594252800000,"cloudBuildWarnAfter":1590019200000,"defaultNode10After":1594252800000,"minVersion":"3.0.5","node8DeploysDisabledAfter":1613390400000,"node8RuntimeDisabledAfter":1615809600000,"node8WarnAfter":1600128000000}
[debug] [2021-05-16T13:04:50.849Z] <<< [apiv2][status] GET https://firebase.googleapis.com/v1beta1/projects/e-commerce-app-21468/adminSdkConfig 200
[debug] [2021-05-16T13:04:50.850Z] <<< [apiv2][body] GET https://firebase.googleapis.com/v1beta1/projects/e-commerce-app-21468/adminSdkConfig {"projectId":"e-commerce-app-21468","storageBucket":"e-commerce-app-21468.appspot.com","locationId":"us-central"}
[debug] [2021-05-16T13:04:50.859Z] >>> [apiv2][query] GET https://firebase.googleapis.com/v1beta1/projects/e-commerce-app-21468/webApps/-/config [none]
[debug] [2021-05-16T13:04:52.164Z] <<< [apiv2][status] GET https://firebase.googleapis.com/v1beta1/projects/e-commerce-app-21468/webApps/-/config 200
[debug] [2021-05-16T13:04:52.165Z] <<< [apiv2][body] GET https://firebase.googleapis.com/v1beta1/projects/e-commerce-app-21468/webApps/-/config {"projectId":"e-commerce-app-21468","appId":"1:23000322393:web:723e1f850a8717cf713c48","storageBucket":"e-commerce-app-21468.appspot.com","locationId":"us-central","apiKey":"AIzaSyAPCKJ6W1QFPIayh6mn59Jbh-lGLs032lM","authDomain":"e-commerce-app-21468.firebaseapp.com","messagingSenderId":"23000322393","measurementId":"G-KCFMKDMF34"}
[info] i  hosting: Serving hosting files from: build {"metadata":{"emulator":{"name":"hosting"},"message":"Serving hosting files from: \u001b[1mbuild\u001b[22m"}}
[info] +  hosting: Local server: http://localhost:5000 {"metadata":{"emulator":{"name":"hosting"},"message":"Local server: \u001b[4m\u001b[1mhttp://localhost:5000\u001b[22m\u001b[24m"}}
[debug] [2021-05-16T13:04:52.240Z] Ignoring unsupported arg: auto_download {"metadata":{"emulator":{"name":"ui"},"message":"Ignoring unsupported arg: auto_download"}}
[debug] [2021-05-16T13:04:52.241Z] Ignoring unsupported arg: port {"metadata":{"emulator":{"name":"ui"},"message":"Ignoring unsupported arg: port"}}
[debug] [2021-05-16T13:04:52.241Z] Starting Emulator UI with command {"binary":"node","args":["C:\\Users\\haris\\.cache\\firebase\\emulators\\ui-v1.4.2\\server.bundle.js"],"optionalArgs":[],"joinArgs":false} {"metadata":{"emulator":{"name":"ui"},"message":"Starting Emulator UI with command {\"binary\":\"node\",\"args\":[\"C:\\\\Users\\\\haris\\\\.cache\\\\firebase\\\\emulators\\\\ui-v1.4.2\\\\server.bundle.js\"],\"optionalArgs\":[],\"joinArgs\":false}"}}
[info] i  ui: Emulator UI logging to ui-debug.log {"metadata":{"emulator":{"name":"ui"},"message":"Emulator UI logging to \u001b[1mui-debug.log\u001b[22m"}}
[debug] [2021-05-16T13:04:52.666Z] Web / API server started at http://localhost:4000
 {"metadata":{"emulator":{"name":"ui"},"message":"Web / API server started at http://localhost:4000\n"}}
[info] i  functions: Watching "D:\E-commerce-App\functions" for Cloud Functions... {"metadata":{"emulator":{"name":"functions"},"message":"Watching \"D:\\E-commerce-App\\functions\" for Cloud Functions..."}}
[debug] [2021-05-16T13:04:52.705Z] [worker-pool] addWorker(~diagnostic~) {"metadata":{"emulator":{"name":"functions"},"message":"[worker-pool] addWorker(~diagnostic~)"}}
[debug] [2021-05-16T13:04:52.705Z] [worker-pool] Adding worker with key ~diagnostic~, total=1 {"metadata":{"emulator":{"name":"functions"},"message":"[worker-pool] Adding worker with key ~diagnostic~, total=1"}}
[debug] [2021-05-16T13:04:52.705Z] [worker-pool] submitWork(triggerId=) {"metadata":{"emulator":{"name":"functions"},"message":"[worker-pool] submitWork(triggerId=)"}}
[debug] [2021-05-16T13:04:52.706Z] [worker-~diagnostic~-606f8ae1-7281-4027-985b-372356735c43]: Assigning socketPath: \\?\pipe\D:\E-commerce-App\functions\15744 {"metadata":{"emulator":{"name":"functions"},"message":"[worker-~diagnostic~-606f8ae1-7281-4027-985b-372356735c43]: Assigning socketPath: \\\\?\\pipe\\D:\\E-commerce-App\\functions\\15744"}}
[debug] [2021-05-16T13:04:52.706Z] [worker-~diagnostic~-606f8ae1-7281-4027-985b-372356735c43]: BUSY {"metadata":{"emulator":{"name":"functions"},"message":"[worker-~diagnostic~-606f8ae1-7281-4027-985b-372356735c43]: BUSY"}}
[debug] [2021-05-16T13:04:53.167Z] [runtime-status] [15744] Functions runtime initialized. {"cwd":"D:\\E-commerce-App\\functions","node_version":"14.16.0"} {"metadata":{"emulator":{"name":"functions"},"message":"[runtime-status] [15744] Functions runtime initialized. {\"cwd\":\"D:\\\\E-commerce-App\\\\functions\",\"node_version\":\"14.16.0\"}"}}
[debug] [2021-05-16T13:04:53.167Z] [runtime-status] [15744] Disabled runtime features: undefined {"metadata":{"emulator":{"name":"functions"},"message":"[runtime-status] [15744] Disabled runtime features: undefined"}}
[debug] [2021-05-16T13:04:53.170Z] [runtime-status] [15744] Resolved module firebase-admin {"declared":true,"installed":true,"version":"9.7.0","resolution":"D:\\E-commerce-App\\functions\\node_modules\\firebase-admin\\lib\\index.js"} {"metadata":{"emulator":{"name":"functions"},"message":"[runtime-status] [15744] Resolved module firebase-admin {\"declared\":true,\"installed\":true,\"version\":\"9.7.0\",\"resolution\":\"D:\\\\E-commerce-App\\\\functions\\\\node_modules\\\\firebase-admin\\\\lib\\\\index.js\"}"}}
[debug] [2021-05-16T13:04:53.171Z] [runtime-status] [15744] Resolved module firebase-functions {"declared":true,"installed":true,"version":"3.13.2","resolution":"D:\\E-commerce-App\\functions\\node_modules\\firebase-functions\\lib\\index.js"} {"metadata":{"emulator":{"name":"functions"},"message":"[runtime-status] [15744] Resolved module firebase-functions {\"declared\":true,\"installed\":true,\"version\":\"3.13.2\",\"resolution\":\"D:\\\\E-commerce-App\\\\functions\\\\node_modules\\\\firebase-functions\\\\lib\\\\index.js\"}"}}
[debug] [2021-05-16T13:04:53.173Z] [runtime-status] [15744] Resolved module firebase-functions {"declared":true,"installed":true,"version":"3.13.2","resolution":"D:\\E-commerce-App\\functions\\node_modules\\firebase-functions\\lib\\index.js"} {"metadata":{"emulator":{"name":"functions"},"message":"[runtime-status] [15744] Resolved module firebase-functions {\"declared\":true,\"installed\":true,\"version\":\"3.13.2\",\"resolution\":\"D:\\\\E-commerce-App\\\\functions\\\\node_modules\\\\firebase-functions\\\\lib\\\\index.js\"}"}}
[debug] [2021-05-16T13:04:53.174Z] [runtime-status] [15744] Outgoing network have been stubbed. [{"name":"http","status":"mocked"},{"name":"http","status":"mocked"},{"name":"https","status":"mocked"},{"name":"https","status":"mocked"},{"name":"net","status":"mocked"}] {"metadata":{"emulator":{"name":"functions"},"message":"[runtime-status] [15744] Outgoing network have been stubbed. [{\"name\":\"http\",\"status\":\"mocked\"},{\"name\":\"http\",\"status\":\"mocked\"},{\"name\":\"https\",\"status\":\"mocked\"},{\"name\":\"https\",\"status\":\"mocked\"},{\"name\":\"net\",\"status\":\"mocked\"}]"}}
[debug] [2021-05-16T13:04:53.175Z] [runtime-status] [15744] Resolved module firebase-functions {"declared":true,"installed":true,"version":"3.13.2","resolution":"D:\\E-commerce-App\\functions\\node_modules\\firebase-functions\\lib\\index.js"} {"metadata":{"emulator":{"name":"functions"},"message":"[runtime-status] [15744] Resolved module firebase-functions {\"declared\":true,\"installed\":true,\"version\":\"3.13.2\",\"resolution\":\"D:\\\\E-commerce-App\\\\functions\\\\node_modules\\\\firebase-functions\\\\lib\\\\index.js\"}"}}
[debug] [2021-05-16T13:04:53.446Z] [runtime-status] [15744] Checked functions.config() {"config":{}} {"metadata":{"emulator":{"name":"functions"},"message":"[runtime-status] [15744] Checked functions.config() {\"config\":{}}"}}
[debug] [2021-05-16T13:04:53.447Z] [runtime-status] [15744] firebase-functions has been stubbed. {"functionsResolution":{"declared":true,"installed":true,"version":"3.13.2","resolution":"D:\\E-commerce-App\\functions\\node_modules\\firebase-functions\\lib\\index.js"}} {"metadata":{"emulator":{"name":"functions"},"message":"[runtime-status] [15744] firebase-functions has been stubbed. {\"functionsResolution\":{\"declared\":true,\"installed\":true,\"version\":\"3.13.2\",\"resolution\":\"D:\\\\E-commerce-App\\\\functions\\\\node_modules\\\\firebase-functions\\\\lib\\\\index.js\"}}"}}
[debug] [2021-05-16T13:04:53.448Z] [runtime-status] [15744] Resolved module firebase-functions {"declared":true,"installed":true,"version":"3.13.2","resolution":"D:\\E-commerce-App\\functions\\node_modules\\firebase-functions\\lib\\index.js"} {"metadata":{"emulator":{"name":"functions"},"message":"[runtime-status] [15744] Resolved module firebase-functions {\"declared\":true,\"installed\":true,\"version\":\"3.13.2\",\"resolution\":\"D:\\\\E-commerce-App\\\\functions\\\\node_modules\\\\firebase-functions\\\\lib\\\\index.js\"}"}}
[debug] [2021-05-16T13:04:53.451Z] [runtime-status] [15744] Resolved module firebase-admin {"declared":true,"installed":true,"version":"9.7.0","resolution":"D:\\E-commerce-App\\functions\\node_modules\\firebase-admin\\lib\\index.js"} {"metadata":{"emulator":{"name":"functions"},"message":"[runtime-status] [15744] Resolved module firebase-admin {\"declared\":true,\"installed\":true,\"version\":\"9.7.0\",\"resolution\":\"D:\\\\E-commerce-App\\\\functions\\\\node_modules\\\\firebase-admin\\\\lib\\\\index.js\"}"}}
[debug] [2021-05-16T13:04:53.452Z] [runtime-status] [15744] Resolved module firebase-functions {"declared":true,"installed":true,"version":"3.13.2","resolution":"D:\\E-commerce-App\\functions\\node_modules\\firebase-functions\\lib\\index.js"} {"metadata":{"emulator":{"name":"functions"},"message":"[runtime-status] [15744] Resolved module firebase-functions {\"declared\":true,\"installed\":true,\"version\":\"3.13.2\",\"resolution\":\"D:\\\\E-commerce-App\\\\functions\\\\node_modules\\\\firebase-functions\\\\lib\\\\index.js\"}"}}
[debug] [2021-05-16T13:04:53.453Z] [runtime-status] [15744] firebase-admin has been stubbed. {"adminResolution":{"declared":true,"installed":true,"version":"9.7.0","resolution":"D:\\E-commerce-App\\functions\\node_modules\\firebase-admin\\lib\\index.js"}} {"metadata":{"emulator":{"name":"functions"},"message":"[runtime-status] [15744] firebase-admin has been stubbed. {\"adminResolution\":{\"declared\":true,\"installed\":true,\"version\":\"9.7.0\",\"resolution\":\"D:\\\\E-commerce-App\\\\functions\\\\node_modules\\\\firebase-admin\\\\lib\\\\index.js\"}}"}}
[info] +  functions[api]: http function initialized (http://localhost:5001/e-commerce-app-21468/us-central1/api). {"metadata":{"emulator":{"name":"functions"},"message":"\u001b[1mhttp\u001b[22m function initialized (http://localhost:5001/e-commerce-app-21468/us-central1/api)."}}
[info] 
┌─────────────────────────────────────────────────────────────┐
│ ✔  All emulators ready! It is now safe to connect your app. │
│ i  View Emulator UI at http://localhost:4000                │
└─────────────────────────────────────────────────────────────┘

┌───────────┬────────────────┬─────────────────────────────────┐
│ Emulator  │ Host:Port      │ View in Emulator UI             │
├───────────┼────────────────┼─────────────────────────────────┤
│ Functions │ localhost:5001 │ http://localhost:4000/functions │
├───────────┼────────────────┼─────────────────────────────────┤
│ Hosting   │ localhost:5000 │ n/a                             │
└───────────┴────────────────┴─────────────────────────────────┘
  Emulator Hub running at localhost:4400
  Other reserved ports: 4500

Issues? Report them at https://github.com/firebase/firebase-tools/issues and attach the *-debug.log files.
 
[debug] [2021-05-16T13:04:54.148Z] [worker-~diagnostic~-606f8ae1-7281-4027-985b-372356735c43]: IDLE {"metadata":{"emulator":{"name":"functions"},"message":"[worker-~diagnostic~-606f8ae1-7281-4027-985b-372356735c43]: IDLE"}}
[debug] [2021-05-16T13:05:08.553Z] [work-queue] {"queueLength":1,"workRunningCount":0}
[debug] [2021-05-16T13:05:08.554Z] [work-queue] {"queueLength":0,"workRunningCount":1}
[debug] [2021-05-16T13:05:08.554Z] Accepted request POST /e-commerce-app-21468/us-central1/api/payments/create?total=8000 --> api
[debug] [2021-05-16T13:05:08.563Z] [worker-pool] addWorker(api) {"metadata":{"emulator":{"name":"functions"},"message":"[worker-pool] addWorker(api)"}}
[debug] [2021-05-16T13:05:08.564Z] [worker-pool] Adding worker with key api, total=1 {"metadata":{"emulator":{"name":"functions"},"message":"[worker-pool] Adding worker with key api, total=1"}}
[debug] [2021-05-16T13:05:08.564Z] [worker-pool] submitWork(triggerId=api) {"metadata":{"emulator":{"name":"functions"},"message":"[worker-pool] submitWork(triggerId=api)"}}
[debug] [2021-05-16T13:05:08.564Z] [worker-api-8491ed51-75ef-47a2-b24b-f5abbaf3066c]: Assigning socketPath: \\?\pipe\D:\E-commerce-App\functions\15160 {"metadata":{"emulator":{"name":"functions"},"message":"[worker-api-8491ed51-75ef-47a2-b24b-f5abbaf3066c]: Assigning socketPath: \\\\?\\pipe\\D:\\E-commerce-App\\functions\\15160"}}
[debug] [2021-05-16T13:05:08.564Z] [worker-api-8491ed51-75ef-47a2-b24b-f5abbaf3066c]: BUSY {"metadata":{"emulator":{"name":"functions"},"message":"[worker-api-8491ed51-75ef-47a2-b24b-f5abbaf3066c]: BUSY"}}
[debug] [2021-05-16T13:05:09.001Z] [runtime-status] [15160] Functions runtime initialized. {"cwd":"D:\\E-commerce-App\\functions","node_version":"14.16.0"} {"metadata":{"emulator":{"name":"functions"},"function":{"name":"api"},"message":"[runtime-status] [15160] Functions runtime initialized. {\"cwd\":\"D:\\\\E-commerce-App\\\\functions\",\"node_version\":\"14.16.0\"}"}}
[debug] [2021-05-16T13:05:09.003Z] [runtime-status] [15160] Disabled runtime features: undefined {"metadata":{"emulator":{"name":"functions"},"function":{"name":"api"},"message":"[runtime-status] [15160] Disabled runtime features: undefined"}}
[debug] [2021-05-16T13:05:09.006Z] [runtime-status] [15160] Resolved module firebase-admin {"declared":true,"installed":true,"version":"9.7.0","resolution":"D:\\E-commerce-App\\functions\\node_modules\\firebase-admin\\lib\\index.js"} {"metadata":{"emulator":{"name":"functions"},"function":{"name":"api"},"message":"[runtime-status] [15160] Resolved module firebase-admin {\"declared\":true,\"installed\":true,\"version\":\"9.7.0\",\"resolution\":\"D:\\\\E-commerce-App\\\\functions\\\\node_modules\\\\firebase-admin\\\\lib\\\\index.js\"}"}}
[debug] [2021-05-16T13:05:09.008Z] [runtime-status] [15160] Resolved module firebase-functions {"declared":true,"installed":true,"version":"3.13.2","resolution":"D:\\E-commerce-App\\functions\\node_modules\\firebase-functions\\lib\\index.js"} {"metadata":{"emulator":{"name":"functions"},"function":{"name":"api"},"message":"[runtime-status] [15160] Resolved module firebase-functions {\"declared\":true,\"installed\":true,\"version\":\"3.13.2\",\"resolution\":\"D:\\\\E-commerce-App\\\\functions\\\\node_modules\\\\firebase-functions\\\\lib\\\\index.js\"}"}}
[debug] [2021-05-16T13:05:09.010Z] [runtime-status] [15160] Resolved module firebase-functions {"declared":true,"installed":true,"version":"3.13.2","resolution":"D:\\E-commerce-App\\functions\\node_modules\\firebase-functions\\lib\\index.js"} {"metadata":{"emulator":{"name":"functions"},"function":{"name":"api"},"message":"[runtime-status] [15160] Resolved module firebase-functions {\"declared\":true,\"installed\":true,\"version\":\"3.13.2\",\"resolution\":\"D:\\\\E-commerce-App\\\\functions\\\\node_modules\\\\firebase-functions\\\\lib\\\\index.js\"}"}}
[debug] [2021-05-16T13:05:09.011Z] [runtime-status] [15160] Outgoing network have been stubbed. [{"name":"http","status":"mocked"},{"name":"http","status":"mocked"},{"name":"https","status":"mocked"},{"name":"https","status":"mocked"},{"name":"net","status":"mocked"}] {"metadata":{"emulator":{"name":"functions"},"function":{"name":"api"},"message":"[runtime-status] [15160] Outgoing network have been stubbed. [{\"name\":\"http\",\"status\":\"mocked\"},{\"name\":\"http\",\"status\":\"mocked\"},{\"name\":\"https\",\"status\":\"mocked\"},{\"name\":\"https\",\"status\":\"mocked\"},{\"name\":\"net\",\"status\":\"mocked\"}]"}}
[debug] [2021-05-16T13:05:09.012Z] [runtime-status] [15160] Resolved module firebase-functions {"declared":true,"installed":true,"version":"3.13.2","resolution":"D:\\E-commerce-App\\functions\\node_modules\\firebase-functions\\lib\\index.js"} {"metadata":{"emulator":{"name":"functions"},"function":{"name":"api"},"message":"[runtime-status] [15160] Resolved module firebase-functions {\"declared\":true,\"installed\":true,\"version\":\"3.13.2\",\"resolution\":\"D:\\\\E-commerce-App\\\\functions\\\\node_modules\\\\firebase-functions\\\\lib\\\\index.js\"}"}}
[debug] [2021-05-16T13:05:09.073Z] [runtime-status] [15160] Checked functions.config() {"config":{}} {"metadata":{"emulator":{"name":"functions"},"function":{"name":"api"},"message":"[runtime-status] [15160] Checked functions.config() {\"config\":{}}"}}
[debug] [2021-05-16T13:05:09.074Z] [runtime-status] [15160] firebase-functions has been stubbed. {"functionsResolution":{"declared":true,"installed":true,"version":"3.13.2","resolution":"D:\\E-commerce-App\\functions\\node_modules\\firebase-functions\\lib\\index.js"}} {"metadata":{"emulator":{"name":"functions"},"function":{"name":"api"},"message":"[runtime-status] [15160] firebase-functions has been stubbed. {\"functionsResolution\":{\"declared\":true,\"installed\":true,\"version\":\"3.13.2\",\"resolution\":\"D:\\\\E-commerce-App\\\\functions\\\\node_modules\\\\firebase-functions\\\\lib\\\\index.js\"}}"}}
[debug] [2021-05-16T13:05:09.076Z] [runtime-status] [15160] Resolved module firebase-functions {"declared":true,"installed":true,"version":"3.13.2","resolution":"D:\\E-commerce-App\\functions\\node_modules\\firebase-functions\\lib\\index.js"} {"metadata":{"emulator":{"name":"functions"},"function":{"name":"api"},"message":"[runtime-status] [15160] Resolved module firebase-functions {\"declared\":true,\"installed\":true,\"version\":\"3.13.2\",\"resolution\":\"D:\\\\E-commerce-App\\\\functions\\\\node_modules\\\\firebase-functions\\\\lib\\\\index.js\"}"}}
[debug] [2021-05-16T13:05:09.079Z] [runtime-status] [15160] Resolved module firebase-admin {"declared":true,"installed":true,"version":"9.7.0","resolution":"D:\\E-commerce-App\\functions\\node_modules\\firebase-admin\\lib\\index.js"} {"metadata":{"emulator":{"name":"functions"},"function":{"name":"api"},"message":"[runtime-status] [15160] Resolved module firebase-admin {\"declared\":true,\"installed\":true,\"version\":\"9.7.0\",\"resolution\":\"D:\\\\E-commerce-App\\\\functions\\\\node_modules\\\\firebase-admin\\\\lib\\\\index.js\"}"}}
[debug] [2021-05-16T13:05:09.081Z] [runtime-status] [15160] Resolved module firebase-functions {"declared":true,"installed":true,"version":"3.13.2","resolution":"D:\\E-commerce-App\\functions\\node_modules\\firebase-functions\\lib\\index.js"} {"metadata":{"emulator":{"name":"functions"},"function":{"name":"api"},"message":"[runtime-status] [15160] Resolved module firebase-functions {\"declared\":true,\"installed\":true,\"version\":\"3.13.2\",\"resolution\":\"D:\\\\E-commerce-App\\\\functions\\\\node_modules\\\\firebase-functions\\\\lib\\\\index.js\"}"}}
[debug] [2021-05-16T13:05:09.082Z] [runtime-status] [15160] firebase-admin has been stubbed. {"adminResolution":{"declared":true,"installed":true,"version":"9.7.0","resolution":"D:\\E-commerce-App\\functions\\node_modules\\firebase-admin\\lib\\index.js"}} {"metadata":{"emulator":{"name":"functions"},"function":{"name":"api"},"message":"[runtime-status] [15160] firebase-admin has been stubbed. {\"adminResolution\":{\"declared\":true,\"installed\":true,\"version\":\"9.7.0\",\"resolution\":\"D:\\\\E-commerce-App\\\\functions\\\\node_modules\\\\firebase-admin\\\\lib\\\\index.js\"}}"}}
[debug] [2021-05-16T13:05:09.489Z] [runtime-status] [15160] Trigger "api" has been found, beginning invocation! {"metadata":{"emulator":{"name":"functions"},"function":{"name":"api"},"message":"[runtime-status] [15160] Trigger \"api\" has been found, beginning invocation!"}}
[info] i  functions: Beginning execution of "api" {"metadata":{"emulator":{"name":"functions"},"function":{"name":"api"},"message":"Beginning execution of \"api\""}}
[debug] [2021-05-16T13:05:09.490Z] [runtime-status] [15160] triggerDefinition {"httpsTrigger":{},"name":"api","entryPoint":"api"} {"metadata":{"emulator":{"name":"functions"},"function":{"name":"api"},"message":"[runtime-status] [15160] triggerDefinition {\"httpsTrigger\":{},\"name\":\"api\",\"entryPoint\":\"api\"}"}}
[debug] [2021-05-16T13:05:09.490Z] [runtime-status] [15160] Running api in mode HTTPS {"metadata":{"emulator":{"name":"functions"},"function":{"name":"api"},"message":"[runtime-status] [15160] Running api in mode HTTPS"}}
[debug] [2021-05-16T13:05:09.495Z] [runtime-status] [15160] Attempting to listen to socketPath: \\?\pipe\D:\E-commerce-App\functions\15160 {"metadata":{"emulator":{"name":"functions"},"function":{"name":"api"},"message":"[runtime-status] [15160] Attempting to listen to socketPath: \\\\?\\pipe\\D:\\E-commerce-App\\functions\\15160"}}
[debug] [2021-05-16T13:05:09.497Z] [functions] Runtime ready! Sending request! {"metadata":{"emulator":{"name":"functions"},"message":"[functions] Runtime ready! Sending request!"}}
[debug] [2021-05-16T13:05:09.498Z] [functions] Got req.url=/e-commerce-app-21468/us-central1/api/payments/create?total=8000, mapping to path=/payments/create?total=8000 {"metadata":{"emulator":{"name":"functions"},"message":"[functions] Got req.url=/e-commerce-app-21468/us-central1/api/payments/create?total=8000, mapping to path=/payments/create?total=8000"}}
[debug] [2021-05-16T13:05:09.506Z] [runtime-status] [15160] Ephemeral server handling POST request {"metadata":{"emulator":{"name":"functions"},"function":{"name":"api"},"message":"[runtime-status] [15160] Ephemeral server handling POST request"}}
[info] >  booya!!! 8000 {"user":"booya!!! 8000","metadata":{"emulator":{"name":"functions"},"function":{"name":"api"},"message":"\u001b[90m> \u001b[39m booya!!! 8000"}}
[debug] [2021-05-16T13:05:09.521Z] [runtime-status] [15160] Ephemeral server survived. {"metadata":{"emulator":{"name":"functions"},"function":{"name":"api"},"message":"[runtime-status] [15160] Ephemeral server survived."}}
[info] i  functions: Finished "api" in ~1s {"metadata":{"emulator":{"name":"functions"},"function":{"name":"api"},"message":"Finished \"api\" in ~1s"}}
[debug] [2021-05-16T13:05:10.508Z] [worker-api-8491ed51-75ef-47a2-b24b-f5abbaf3066c]: IDLE {"metadata":{"emulator":{"name":"functions"},"message":"[worker-api-8491ed51-75ef-47a2-b24b-f5abbaf3066c]: IDLE"}}
[debug] [2021-05-16T13:05:10.509Z] [work-queue] {"queueLength":0,"workRunningCount":0}
[debug] [2021-05-16T13:06:52.330Z] [work-queue] {"queueLength":1,"workRunningCount":0}
[debug] [2021-05-16T13:06:52.330Z] [work-queue] {"queueLength":0,"workRunningCount":1}
[debug] [2021-05-16T13:06:52.330Z] Accepted request POST /e-commerce-app-21468/us-central1/api/payments/create?total=6900 --> api
[debug] [2021-05-16T13:06:52.330Z] [worker-pool] submitWork(triggerId=api) {"metadata":{"emulator":{"name":"functions"},"message":"[worker-pool] submitWork(triggerId=api)"}}
[debug] [2021-05-16T13:06:52.331Z] [worker-api-8491ed51-75ef-47a2-b24b-f5abbaf3066c]: Assigning socketPath: \\?\pipe\D:\E-commerce-App\functions\15160 {"metadata":{"emulator":{"name":"functions"},"message":"[worker-api-8491ed51-75ef-47a2-b24b-f5abbaf3066c]: Assigning socketPath: \\\\?\\pipe\\D:\\E-commerce-App\\functions\\15160"}}
[debug] [2021-05-16T13:06:52.331Z] [worker-api-8491ed51-75ef-47a2-b24b-f5abbaf3066c]: BUSY {"metadata":{"emulator":{"name":"functions"},"message":"[worker-api-8491ed51-75ef-47a2-b24b-f5abbaf3066c]: BUSY"}}
[debug] [2021-05-16T13:06:52.331Z] [runtime-status] [15160] Trigger "api" has been found, beginning invocation! {"metadata":{"emulator":{"name":"functions"},"function":{"name":"api"},"message":"[runtime-status] [15160] Trigger \"api\" has been found, beginning invocation!"}}
[info] i  functions: Beginning execution of "api" {"metadata":{"emulator":{"name":"functions"},"function":{"name":"api"},"message":"Beginning execution of \"api\""}}
[debug] [2021-05-16T13:06:52.333Z] [runtime-status] [15160] triggerDefinition {"httpsTrigger":{},"name":"api","entryPoint":"api"} {"metadata":{"emulator":{"name":"functions"},"function":{"name":"api"},"message":"[runtime-status] [15160] triggerDefinition {\"httpsTrigger\":{},\"name\":\"api\",\"entryPoint\":\"api\"}"}}
[debug] [2021-05-16T13:06:52.333Z] [runtime-status] [15160] Running api in mode HTTPS {"metadata":{"emulator":{"name":"functions"},"function":{"name":"api"},"message":"[runtime-status] [15160] Running api in mode HTTPS"}}
[debug] [2021-05-16T13:06:52.334Z] [runtime-status] [15160] Attempting to listen to socketPath: \\?\pipe\D:\E-commerce-App\functions\15160 {"metadata":{"emulator":{"name":"functions"},"function":{"name":"api"},"message":"[runtime-status] [15160] Attempting to listen to socketPath: \\\\?\\pipe\\D:\\E-commerce-App\\functions\\15160"}}
[debug] [2021-05-16T13:06:52.335Z] [functions] Runtime ready! Sending request! {"metadata":{"emulator":{"name":"functions"},"message":"[functions] Runtime ready! Sending request!"}}
[debug] [2021-05-16T13:06:52.336Z] [functions] Got req.url=/e-commerce-app-21468/us-central1/api/payments/create?total=6900, mapping to path=/payments/create?total=6900 {"metadata":{"emulator":{"name":"functions"},"message":"[functions] Got req.url=/e-commerce-app-21468/us-central1/api/payments/create?total=6900, mapping to path=/payments/create?total=6900"}}
[debug] [2021-05-16T13:06:52.340Z] [runtime-status] [15160] Ephemeral server handling POST request {"metadata":{"emulator":{"name":"functions"},"function":{"name":"api"},"message":"[runtime-status] [15160] Ephemeral server handling POST request"}}
[info] >  booya!!! 6900 {"user":"booya!!! 6900","metadata":{"emulator":{"name":"functions"},"function":{"name":"api"},"message":"\u001b[90m> \u001b[39m booya!!! 6900"}}
[debug] [2021-05-16T13:06:52.343Z] [runtime-status] [15160] Ephemeral server survived. {"metadata":{"emulator":{"name":"functions"},"function":{"name":"api"},"message":"[runtime-status] [15160] Ephemeral server survived."}}
[info] i  functions: Finished "api" in ~1s {"metadata":{"emulator":{"name":"functions"},"function":{"name":"api"},"message":"Finished \"api\" in ~1s"}}
[debug] [2021-05-16T13:06:52.984Z] [worker-api-8491ed51-75ef-47a2-b24b-f5abbaf3066c]: IDLE {"metadata":{"emulator":{"name":"functions"},"message":"[worker-api-8491ed51-75ef-47a2-b24b-f5abbaf3066c]: IDLE"}}
[debug] [2021-05-16T13:06:52.985Z] [work-queue] {"queueLength":0,"workRunningCount":0}
